<?xml version="1.0" encoding="UTF-8"?>
<testsuite xmlns:xsi="http://www.w3.org/2001/XMLSchema-instance" xsi:noNamespaceSchemaLocation="https://maven.apache.org/surefire/maven-surefire-plugin/xsd/surefire-test-report.xsd" version="3.0.2" name="br.com.kafka.demo.DemoApplicationTests" time="2.077" tests="1" errors="0" skipped="0" failures="0">
  <properties>
[...]
</properties>
  <testcase name="contextLoads" classname="br.com.kafka.demo.DemoApplicationTests" time="0.615">
    <system-out><![CDATA[19:25:15.050 [main] INFO org.springframework.test.context.support.AnnotationConfigContextLoaderUtils -- Could not detect default configuration classes for test class [br.com.kafka.demo.DemoApplicationTests]: DemoApplicationTests does not declare any static, non-private, non-final, nested classes annotated with @Configuration.
19:25:15.104 [main] INFO org.springframework.boot.test.context.SpringBootTestContextBootstrapper -- Found @SpringBootConfiguration br.com.kafka.demo.DemoApplication for test class br.com.kafka.demo.DemoApplicationTests
19:25:15.187 [main] INFO org.springframework.boot.devtools.restart.RestartApplicationListener -- Restart disabled due to context in which it is running

  .   ____          _            __ _ _
 /\\ / ___'_ __ _ _(_)_ __  __ _ \ \ \ \
( ( )\___ | '_ | '_| | '_ \/ _` | \ \ \ \
 \\/  ___)| |_)| | | | | || (_| |  ) ) ) )
  '  |____| .__|_| |_|_| |_\__, | / / / /
 =========|_|==============|___/=/_/_/_/

 :: Spring Boot ::                (v3.4.0)

2024-12-14T19:25:15.372-03:00  INFO 248147 --- [demo] [           main] br.com.kafka.demo.DemoApplicationTests   : Starting DemoApplicationTests using Java 21.0.5 with PID 248147 (started by rsantana in /home/rsantana/projetos/spring-boot/kafka/produtor)
2024-12-14T19:25:15.373-03:00  INFO 248147 --- [demo] [           main] br.com.kafka.demo.DemoApplicationTests   : No active profile set, falling back to 1 default profile: "default"
2024-12-14T19:25:16.438-03:00  INFO 248147 --- [demo] [           main] br.com.kafka.demo.DemoApplicationTests   : Started DemoApplicationTests in 1.258 seconds (process running for 1.838)
]]></system-out>
    <system-err><![CDATA[dez. 14, 2024 7:25:14 PM org.junit.platform.launcher.core.LauncherConfigurationParameters loadClasspathResource
ADVERTÊNCIA: Discovered 3 'junit-platform.properties' configuration files on the classpath (see below); only the first (*) will be used.
- jar:file:/home/rsantana/.m2/repository/org/apache/kafka/kafka-clients/3.8.1/kafka-clients-3.8.1-test.jar!/junit-platform.properties (*)
- jar:file:/home/rsantana/.m2/repository/org/apache/kafka/kafka-server-common/3.8.1/kafka-server-common-3.8.1-test.jar!/junit-platform.properties
- jar:file:/home/rsantana/.m2/repository/org/apache/kafka/kafka_2.13/3.8.1/kafka_2.13-3.8.1-test.jar!/junit-platform.properties
dez. 14, 2024 7:25:14 PM org.junit.platform.launcher.core.LauncherConfigurationParameters loadClasspathResource
ADVERTÊNCIA: Discovered 3 'junit-platform.properties' configuration files on the classpath (see below); only the first (*) will be used.
- jar:file:/home/rsantana/.m2/repository/org/apache/kafka/kafka-clients/3.8.1/kafka-clients-3.8.1-test.jar!/junit-platform.properties (*)
- jar:file:/home/rsantana/.m2/repository/org/apache/kafka/kafka-server-common/3.8.1/kafka-server-common-3.8.1-test.jar!/junit-platform.properties
- jar:file:/home/rsantana/.m2/repository/org/apache/kafka/kafka_2.13/3.8.1/kafka_2.13-3.8.1-test.jar!/junit-platform.properties
dez. 14, 2024 7:25:14 PM org.junit.platform.launcher.core.LauncherConfigurationParameters loadClasspathResource
ADVERTÊNCIA: Discovered 3 'junit-platform.properties' configuration files on the classpath (see below); only the first (*) will be used.
- jar:file:/home/rsantana/.m2/repository/org/apache/kafka/kafka-clients/3.8.1/kafka-clients-3.8.1-test.jar!/junit-platform.properties (*)
- jar:file:/home/rsantana/.m2/repository/org/apache/kafka/kafka-server-common/3.8.1/kafka-server-common-3.8.1-test.jar!/junit-platform.properties
- jar:file:/home/rsantana/.m2/repository/org/apache/kafka/kafka_2.13/3.8.1/kafka_2.13-3.8.1-test.jar!/junit-platform.properties
Mockito is currently self-attaching to enable the inline-mock-maker. This will no longer work in future releases of the JDK. Please add Mockito as an agent to your build what is described in Mockito's documentation: https://javadoc.io/doc/org.mockito/mockito-core/latest/org/mockito/Mockito.html#0.3
WARNING: A Java agent has been loaded dynamically (/home/rsantana/.m2/repository/net/bytebuddy/byte-buddy-agent/1.15.10/byte-buddy-agent-1.15.10.jar)
WARNING: If a serviceability tool is in use, please run with -XX:+EnableDynamicAgentLoading to hide this warning
WARNING: If a serviceability tool is not in use, please run with -Djdk.instrument.traceUsage for more information
WARNING: Dynamic loading of agents will be disallowed by default in a future release
]]></system-err>
  </testcase>
</testsuite>